01-Mar-2023 07:56:47.176 INFO [main] org.apache.catalina.startup.VersionLoggerListener.log Server version name:   Apache Tomcat/9.0.72
01-Mar-2023 07:56:47.181 INFO [main] org.apache.catalina.startup.VersionLoggerListener.log Server built:          Feb 18 2023 09:25:13 UTC
01-Mar-2023 07:56:47.181 INFO [main] org.apache.catalina.startup.VersionLoggerListener.log Server version number: 9.0.72.0
01-Mar-2023 07:56:47.181 INFO [main] org.apache.catalina.startup.VersionLoggerListener.log OS Name:               Windows 10
01-Mar-2023 07:56:47.182 INFO [main] org.apache.catalina.startup.VersionLoggerListener.log OS Version:            10.0
01-Mar-2023 07:56:47.182 INFO [main] org.apache.catalina.startup.VersionLoggerListener.log Architecture:          amd64
01-Mar-2023 07:56:47.182 INFO [main] org.apache.catalina.startup.VersionLoggerListener.log Java Home:             C:\Program Files\Java\jdk-17
01-Mar-2023 07:56:47.182 INFO [main] org.apache.catalina.startup.VersionLoggerListener.log JVM Version:           17.0.6+9-LTS-190
01-Mar-2023 07:56:47.183 INFO [main] org.apache.catalina.startup.VersionLoggerListener.log JVM Vendor:            Oracle Corporation
01-Mar-2023 07:56:47.183 INFO [main] org.apache.catalina.startup.VersionLoggerListener.log CATALINA_BASE:         C:\Users\User\eclipse-workspace\projects-13-feb-23\apache-tomcat-9.0.72
01-Mar-2023 07:56:47.183 INFO [main] org.apache.catalina.startup.VersionLoggerListener.log CATALINA_HOME:         C:\Users\User\eclipse-workspace\projects-13-feb-23\apache-tomcat-9.0.72
01-Mar-2023 07:56:47.196 INFO [main] org.apache.catalina.startup.VersionLoggerListener.log Command line argument: --add-opens=java.base/java.lang=ALL-UNNAMED
01-Mar-2023 07:56:47.196 INFO [main] org.apache.catalina.startup.VersionLoggerListener.log Command line argument: --add-opens=java.base/java.io=ALL-UNNAMED
01-Mar-2023 07:56:47.197 INFO [main] org.apache.catalina.startup.VersionLoggerListener.log Command line argument: --add-opens=java.base/java.util=ALL-UNNAMED
01-Mar-2023 07:56:47.197 INFO [main] org.apache.catalina.startup.VersionLoggerListener.log Command line argument: --add-opens=java.base/java.util.concurrent=ALL-UNNAMED
01-Mar-2023 07:56:47.197 INFO [main] org.apache.catalina.startup.VersionLoggerListener.log Command line argument: --add-opens=java.rmi/sun.rmi.transport=ALL-UNNAMED
01-Mar-2023 07:56:47.198 INFO [main] org.apache.catalina.startup.VersionLoggerListener.log Command line argument: -Djava.util.logging.config.file=C:\Users\User\eclipse-workspace\projects-13-feb-23\apache-tomcat-9.0.72\conf\logging.properties
01-Mar-2023 07:56:47.199 INFO [main] org.apache.catalina.startup.VersionLoggerListener.log Command line argument: -Djava.util.logging.manager=org.apache.juli.ClassLoaderLogManager
01-Mar-2023 07:56:47.200 INFO [main] org.apache.catalina.startup.VersionLoggerListener.log Command line argument: -Djdk.tls.ephemeralDHKeySize=2048
01-Mar-2023 07:56:47.201 INFO [main] org.apache.catalina.startup.VersionLoggerListener.log Command line argument: -Djava.protocol.handler.pkgs=org.apache.catalina.webresources
01-Mar-2023 07:56:47.201 INFO [main] org.apache.catalina.startup.VersionLoggerListener.log Command line argument: -Dignore.endorsed.dirs=
01-Mar-2023 07:56:47.202 INFO [main] org.apache.catalina.startup.VersionLoggerListener.log Command line argument: -Dcatalina.base=C:\Users\User\eclipse-workspace\projects-13-feb-23\apache-tomcat-9.0.72
01-Mar-2023 07:56:47.203 INFO [main] org.apache.catalina.startup.VersionLoggerListener.log Command line argument: -Dcatalina.home=C:\Users\User\eclipse-workspace\projects-13-feb-23\apache-tomcat-9.0.72
01-Mar-2023 07:56:47.203 INFO [main] org.apache.catalina.startup.VersionLoggerListener.log Command line argument: -Djava.io.tmpdir=C:\Users\User\eclipse-workspace\projects-13-feb-23\apache-tomcat-9.0.72\temp
01-Mar-2023 07:56:47.219 INFO [main] org.apache.catalina.core.AprLifecycleListener.lifecycleEvent The Apache Tomcat Native library which allows using OpenSSL was not found on the java.library.path: [C:\Program Files\Java\jdk-17\bin;C:\Windows\Sun\Java\bin;C:\Windows\system32;C:\Windows;C:\Program Files\Common Files\Oracle\Java\javapath;C:\Program Files (x86)\Common Files\Oracle\Java\javapath;C:\Program Files (x86)\VMware\VMware Player\bin\;C:\Windows\system32;C:\Windows;C:\Windows\System32\Wbem;C:\Windows\System32\WindowsPowerShell\v1.0\;C:\Windows\System32\OpenSSH\;C:\Program Files\Git\cmd;C:\Program Files\dotnet\;C:\Program Files (x86)\dotnet\;C:\Users\User\eclipse-workspace\projects-13-feb-23\apache-maven-3.9.0\bin;C:\Users\User\eclipse-workspace\projects-13-feb-23\apache-tomcat-9.0.72\bin;C:\Users\User\AppData\Local\Microsoft\WindowsApps;C:\Users\User\AppData\Local\GitHubDesktop\bin;C:\Users\User\.dotnet\tools;.]
01-Mar-2023 07:56:47.630 INFO [main] org.apache.coyote.AbstractProtocol.init Initializing ProtocolHandler ["http-nio-8080"]
01-Mar-2023 07:56:47.673 INFO [main] org.apache.catalina.startup.Catalina.load Server initialization in [763] milliseconds
01-Mar-2023 07:56:47.740 INFO [main] org.apache.catalina.core.StandardService.startInternal Starting service [Catalina]
01-Mar-2023 07:56:47.742 INFO [main] org.apache.catalina.core.StandardEngine.startInternal Starting Servlet engine: [Apache Tomcat/9.0.72]
01-Mar-2023 07:56:47.762 INFO [main] org.apache.catalina.startup.HostConfig.deployDirectory Deploying web application directory [C:\Users\User\eclipse-workspace\projects-13-feb-23\apache-tomcat-9.0.72\webapps\docs]
01-Mar-2023 07:56:48.283 INFO [main] org.apache.catalina.startup.HostConfig.deployDirectory Deployment of web application directory [C:\Users\User\eclipse-workspace\projects-13-feb-23\apache-tomcat-9.0.72\webapps\docs] has finished in [520] ms
01-Mar-2023 07:56:48.284 INFO [main] org.apache.catalina.startup.HostConfig.deployDirectory Deploying web application directory [C:\Users\User\eclipse-workspace\projects-13-feb-23\apache-tomcat-9.0.72\webapps\examples]
01-Mar-2023 07:56:49.234 INFO [main] org.apache.catalina.startup.HostConfig.deployDirectory Deployment of web application directory [C:\Users\User\eclipse-workspace\projects-13-feb-23\apache-tomcat-9.0.72\webapps\examples] has finished in [949] ms
01-Mar-2023 07:56:49.235 INFO [main] org.apache.catalina.startup.HostConfig.deployDirectory Deploying web application directory [C:\Users\User\eclipse-workspace\projects-13-feb-23\apache-tomcat-9.0.72\webapps\host-manager]
01-Mar-2023 07:56:49.332 INFO [main] org.apache.catalina.startup.HostConfig.deployDirectory Deployment of web application directory [C:\Users\User\eclipse-workspace\projects-13-feb-23\apache-tomcat-9.0.72\webapps\host-manager] has finished in [96] ms
01-Mar-2023 07:56:49.333 INFO [main] org.apache.catalina.startup.HostConfig.deployDirectory Deploying web application directory [C:\Users\User\eclipse-workspace\projects-13-feb-23\apache-tomcat-9.0.72\webapps\manager]
01-Mar-2023 07:56:49.424 INFO [main] org.apache.catalina.startup.HostConfig.deployDirectory Deployment of web application directory [C:\Users\User\eclipse-workspace\projects-13-feb-23\apache-tomcat-9.0.72\webapps\manager] has finished in [92] ms
01-Mar-2023 07:56:49.425 INFO [main] org.apache.catalina.startup.HostConfig.deployDirectory Deploying web application directory [C:\Users\User\eclipse-workspace\projects-13-feb-23\apache-tomcat-9.0.72\webapps\ROOT]
01-Mar-2023 07:56:49.489 INFO [main] org.apache.catalina.startup.HostConfig.deployDirectory Deployment of web application directory [C:\Users\User\eclipse-workspace\projects-13-feb-23\apache-tomcat-9.0.72\webapps\ROOT] has finished in [63] ms
01-Mar-2023 07:56:49.496 INFO [main] org.apache.coyote.AbstractProtocol.start Starting ProtocolHandler ["http-nio-8080"]
01-Mar-2023 07:56:49.564 INFO [main] org.apache.catalina.startup.Catalina.start Server startup in [1890] milliseconds
01-Mar-2023 08:02:10.886 INFO [main] org.apache.catalina.core.StandardServer.await A valid shutdown command was received via the shutdown port. Stopping the Server instance.
01-Mar-2023 08:02:10.887 INFO [main] org.apache.coyote.AbstractProtocol.pause Pausing ProtocolHandler ["http-nio-8080"]
01-Mar-2023 08:02:10.906 INFO [main] org.apache.catalina.core.StandardService.stopInternal Stopping service [Catalina]
01-Mar-2023 08:02:10.942 INFO [main] org.apache.coyote.AbstractProtocol.stop Stopping ProtocolHandler ["http-nio-8080"]
01-Mar-2023 08:02:10.951 INFO [main] org.apache.coyote.AbstractProtocol.destroy Destroying ProtocolHandler ["http-nio-8080"]
01-Mar-2023 08:02:16.708 INFO [main] org.apache.catalina.startup.VersionLoggerListener.log Server version name:   Apache Tomcat/9.0.72
01-Mar-2023 08:02:16.714 INFO [main] org.apache.catalina.startup.VersionLoggerListener.log Server built:          Feb 18 2023 09:25:13 UTC
01-Mar-2023 08:02:16.714 INFO [main] org.apache.catalina.startup.VersionLoggerListener.log Server version number: 9.0.72.0
01-Mar-2023 08:02:16.715 INFO [main] org.apache.catalina.startup.VersionLoggerListener.log OS Name:               Windows 10
01-Mar-2023 08:02:16.715 INFO [main] org.apache.catalina.startup.VersionLoggerListener.log OS Version:            10.0
01-Mar-2023 08:02:16.715 INFO [main] org.apache.catalina.startup.VersionLoggerListener.log Architecture:          amd64
01-Mar-2023 08:02:16.716 INFO [main] org.apache.catalina.startup.VersionLoggerListener.log Java Home:             C:\Program Files\Java\jdk-17
01-Mar-2023 08:02:16.716 INFO [main] org.apache.catalina.startup.VersionLoggerListener.log JVM Version:           17.0.6+9-LTS-190
01-Mar-2023 08:02:16.717 INFO [main] org.apache.catalina.startup.VersionLoggerListener.log JVM Vendor:            Oracle Corporation
01-Mar-2023 08:02:16.718 INFO [main] org.apache.catalina.startup.VersionLoggerListener.log CATALINA_BASE:         C:\Users\User\eclipse-workspace\projects-13-feb-23\apache-tomcat-9.0.72
01-Mar-2023 08:02:16.718 INFO [main] org.apache.catalina.startup.VersionLoggerListener.log CATALINA_HOME:         C:\Users\User\eclipse-workspace\projects-13-feb-23\apache-tomcat-9.0.72
01-Mar-2023 08:02:16.730 INFO [main] org.apache.catalina.startup.VersionLoggerListener.log Command line argument: --add-opens=java.base/java.lang=ALL-UNNAMED
01-Mar-2023 08:02:16.731 INFO [main] org.apache.catalina.startup.VersionLoggerListener.log Command line argument: --add-opens=java.base/java.io=ALL-UNNAMED
01-Mar-2023 08:02:16.731 INFO [main] org.apache.catalina.startup.VersionLoggerListener.log Command line argument: --add-opens=java.base/java.util=ALL-UNNAMED
01-Mar-2023 08:02:16.731 INFO [main] org.apache.catalina.startup.VersionLoggerListener.log Command line argument: --add-opens=java.base/java.util.concurrent=ALL-UNNAMED
01-Mar-2023 08:02:16.732 INFO [main] org.apache.catalina.startup.VersionLoggerListener.log Command line argument: --add-opens=java.rmi/sun.rmi.transport=ALL-UNNAMED
01-Mar-2023 08:02:16.732 INFO [main] org.apache.catalina.startup.VersionLoggerListener.log Command line argument: -Djava.util.logging.config.file=C:\Users\User\eclipse-workspace\projects-13-feb-23\apache-tomcat-9.0.72\conf\logging.properties
01-Mar-2023 08:02:16.736 INFO [main] org.apache.catalina.startup.VersionLoggerListener.log Command line argument: -Djava.util.logging.manager=org.apache.juli.ClassLoaderLogManager
01-Mar-2023 08:02:16.738 INFO [main] org.apache.catalina.startup.VersionLoggerListener.log Command line argument: -Djdk.tls.ephemeralDHKeySize=2048
01-Mar-2023 08:02:16.739 INFO [main] org.apache.catalina.startup.VersionLoggerListener.log Command line argument: -Djava.protocol.handler.pkgs=org.apache.catalina.webresources
01-Mar-2023 08:02:16.739 INFO [main] org.apache.catalina.startup.VersionLoggerListener.log Command line argument: -Dignore.endorsed.dirs=
01-Mar-2023 08:02:16.740 INFO [main] org.apache.catalina.startup.VersionLoggerListener.log Command line argument: -Dcatalina.base=C:\Users\User\eclipse-workspace\projects-13-feb-23\apache-tomcat-9.0.72
01-Mar-2023 08:02:16.740 INFO [main] org.apache.catalina.startup.VersionLoggerListener.log Command line argument: -Dcatalina.home=C:\Users\User\eclipse-workspace\projects-13-feb-23\apache-tomcat-9.0.72
01-Mar-2023 08:02:16.741 INFO [main] org.apache.catalina.startup.VersionLoggerListener.log Command line argument: -Djava.io.tmpdir=C:\Users\User\eclipse-workspace\projects-13-feb-23\apache-tomcat-9.0.72\temp
01-Mar-2023 08:02:16.756 INFO [main] org.apache.catalina.core.AprLifecycleListener.lifecycleEvent The Apache Tomcat Native library which allows using OpenSSL was not found on the java.library.path: [C:\Program Files\Java\jdk-17\bin;C:\Windows\Sun\Java\bin;C:\Windows\system32;C:\Windows;C:\Program Files\Common Files\Oracle\Java\javapath;C:\Program Files (x86)\Common Files\Oracle\Java\javapath;C:\Program Files (x86)\VMware\VMware Player\bin\;C:\Windows\system32;C:\Windows;C:\Windows\System32\Wbem;C:\Windows\System32\WindowsPowerShell\v1.0\;C:\Windows\System32\OpenSSH\;C:\Program Files\Git\cmd;C:\Program Files\dotnet\;C:\Program Files (x86)\dotnet\;C:\Users\User\eclipse-workspace\projects-13-feb-23\apache-maven-3.9.0\bin;C:\Users\User\eclipse-workspace\projects-13-feb-23\apache-tomcat-9.0.72\bin;C:\Users\User\AppData\Local\Microsoft\WindowsApps;C:\Users\User\AppData\Local\GitHubDesktop\bin;C:\Users\User\.dotnet\tools;.]
01-Mar-2023 08:02:17.205 INFO [main] org.apache.coyote.AbstractProtocol.init Initializing ProtocolHandler ["http-nio-8080"]
01-Mar-2023 08:02:17.246 INFO [main] org.apache.catalina.startup.Catalina.load Server initialization in [815] milliseconds
01-Mar-2023 08:02:17.311 INFO [main] org.apache.catalina.core.StandardService.startInternal Starting service [Catalina]
01-Mar-2023 08:02:17.312 INFO [main] org.apache.catalina.core.StandardEngine.startInternal Starting Servlet engine: [Apache Tomcat/9.0.72]
01-Mar-2023 08:02:17.330 INFO [main] org.apache.catalina.startup.HostConfig.deployDirectory Deploying web application directory [C:\Users\User\eclipse-workspace\projects-13-feb-23\apache-tomcat-9.0.72\webapps\docs]
01-Mar-2023 08:02:17.832 INFO [main] org.apache.catalina.startup.HostConfig.deployDirectory Deployment of web application directory [C:\Users\User\eclipse-workspace\projects-13-feb-23\apache-tomcat-9.0.72\webapps\docs] has finished in [501] ms
01-Mar-2023 08:02:17.833 INFO [main] org.apache.catalina.startup.HostConfig.deployDirectory Deploying web application directory [C:\Users\User\eclipse-workspace\projects-13-feb-23\apache-tomcat-9.0.72\webapps\examples]
01-Mar-2023 08:02:18.747 INFO [main] org.apache.catalina.startup.HostConfig.deployDirectory Deployment of web application directory [C:\Users\User\eclipse-workspace\projects-13-feb-23\apache-tomcat-9.0.72\webapps\examples] has finished in [913] ms
01-Mar-2023 08:02:18.747 INFO [main] org.apache.catalina.startup.HostConfig.deployDirectory Deploying web application directory [C:\Users\User\eclipse-workspace\projects-13-feb-23\apache-tomcat-9.0.72\webapps\host-manager]
01-Mar-2023 08:02:18.838 INFO [main] org.apache.catalina.startup.HostConfig.deployDirectory Deployment of web application directory [C:\Users\User\eclipse-workspace\projects-13-feb-23\apache-tomcat-9.0.72\webapps\host-manager] has finished in [91] ms
01-Mar-2023 08:02:18.838 INFO [main] org.apache.catalina.startup.HostConfig.deployDirectory Deploying web application directory [C:\Users\User\eclipse-workspace\projects-13-feb-23\apache-tomcat-9.0.72\webapps\manager]
01-Mar-2023 08:02:18.921 INFO [main] org.apache.catalina.startup.HostConfig.deployDirectory Deployment of web application directory [C:\Users\User\eclipse-workspace\projects-13-feb-23\apache-tomcat-9.0.72\webapps\manager] has finished in [83] ms
01-Mar-2023 08:02:18.922 INFO [main] org.apache.catalina.startup.HostConfig.deployDirectory Deploying web application directory [C:\Users\User\eclipse-workspace\projects-13-feb-23\apache-tomcat-9.0.72\webapps\ROOT]
01-Mar-2023 08:02:18.979 INFO [main] org.apache.catalina.startup.HostConfig.deployDirectory Deployment of web application directory [C:\Users\User\eclipse-workspace\projects-13-feb-23\apache-tomcat-9.0.72\webapps\ROOT] has finished in [57] ms
01-Mar-2023 08:02:18.984 INFO [main] org.apache.coyote.AbstractProtocol.start Starting ProtocolHandler ["http-nio-8080"]
01-Mar-2023 08:02:19.042 INFO [main] org.apache.catalina.startup.Catalina.start Server startup in [1792] milliseconds
01-Mar-2023 08:04:19.153 INFO [Catalina-utility-2] org.apache.catalina.users.MemoryUserDatabase.backgroundProcess Reloading memory user database [UserDatabase] from updated source [file:/C:/Users/User/eclipse-workspace/projects-13-feb-23/apache-tomcat-9.0.72/conf/tomcat-users.xml]
01-Mar-2023 08:04:22.201 INFO [main] org.apache.catalina.core.StandardServer.await A valid shutdown command was received via the shutdown port. Stopping the Server instance.
01-Mar-2023 08:04:22.202 INFO [main] org.apache.coyote.AbstractProtocol.pause Pausing ProtocolHandler ["http-nio-8080"]
01-Mar-2023 08:04:22.220 INFO [main] org.apache.catalina.core.StandardService.stopInternal Stopping service [Catalina]
01-Mar-2023 08:04:22.259 INFO [main] org.apache.coyote.AbstractProtocol.stop Stopping ProtocolHandler ["http-nio-8080"]
01-Mar-2023 08:04:22.278 INFO [main] org.apache.coyote.AbstractProtocol.destroy Destroying ProtocolHandler ["http-nio-8080"]
01-Mar-2023 08:04:31.987 INFO [main] org.apache.catalina.startup.VersionLoggerListener.log Server version name:   Apache Tomcat/9.0.72
01-Mar-2023 08:04:31.994 INFO [main] org.apache.catalina.startup.VersionLoggerListener.log Server built:          Feb 18 2023 09:25:13 UTC
01-Mar-2023 08:04:31.995 INFO [main] org.apache.catalina.startup.VersionLoggerListener.log Server version number: 9.0.72.0
01-Mar-2023 08:04:31.996 INFO [main] org.apache.catalina.startup.VersionLoggerListener.log OS Name:               Windows 10
01-Mar-2023 08:04:31.997 INFO [main] org.apache.catalina.startup.VersionLoggerListener.log OS Version:            10.0
01-Mar-2023 08:04:31.997 INFO [main] org.apache.catalina.startup.VersionLoggerListener.log Architecture:          amd64
01-Mar-2023 08:04:31.997 INFO [main] org.apache.catalina.startup.VersionLoggerListener.log Java Home:             C:\Program Files\Java\jdk-17
01-Mar-2023 08:04:31.998 INFO [main] org.apache.catalina.startup.VersionLoggerListener.log JVM Version:           17.0.6+9-LTS-190
01-Mar-2023 08:04:31.999 INFO [main] org.apache.catalina.startup.VersionLoggerListener.log JVM Vendor:            Oracle Corporation
01-Mar-2023 08:04:32.000 INFO [main] org.apache.catalina.startup.VersionLoggerListener.log CATALINA_BASE:         C:\Users\User\eclipse-workspace\projects-13-feb-23\apache-tomcat-9.0.72
01-Mar-2023 08:04:32.000 INFO [main] org.apache.catalina.startup.VersionLoggerListener.log CATALINA_HOME:         C:\Users\User\eclipse-workspace\projects-13-feb-23\apache-tomcat-9.0.72
01-Mar-2023 08:04:32.015 INFO [main] org.apache.catalina.startup.VersionLoggerListener.log Command line argument: --add-opens=java.base/java.lang=ALL-UNNAMED
01-Mar-2023 08:04:32.016 INFO [main] org.apache.catalina.startup.VersionLoggerListener.log Command line argument: --add-opens=java.base/java.io=ALL-UNNAMED
01-Mar-2023 08:04:32.016 INFO [main] org.apache.catalina.startup.VersionLoggerListener.log Command line argument: --add-opens=java.base/java.util=ALL-UNNAMED
01-Mar-2023 08:04:32.017 INFO [main] org.apache.catalina.startup.VersionLoggerListener.log Command line argument: --add-opens=java.base/java.util.concurrent=ALL-UNNAMED
01-Mar-2023 08:04:32.017 INFO [main] org.apache.catalina.startup.VersionLoggerListener.log Command line argument: --add-opens=java.rmi/sun.rmi.transport=ALL-UNNAMED
01-Mar-2023 08:04:32.018 INFO [main] org.apache.catalina.startup.VersionLoggerListener.log Command line argument: -Djava.util.logging.config.file=C:\Users\User\eclipse-workspace\projects-13-feb-23\apache-tomcat-9.0.72\conf\logging.properties
01-Mar-2023 08:04:32.019 INFO [main] org.apache.catalina.startup.VersionLoggerListener.log Command line argument: -Djava.util.logging.manager=org.apache.juli.ClassLoaderLogManager
01-Mar-2023 08:04:32.019 INFO [main] org.apache.catalina.startup.VersionLoggerListener.log Command line argument: -Djdk.tls.ephemeralDHKeySize=2048
01-Mar-2023 08:04:32.020 INFO [main] org.apache.catalina.startup.VersionLoggerListener.log Command line argument: -Djava.protocol.handler.pkgs=org.apache.catalina.webresources
01-Mar-2023 08:04:32.020 INFO [main] org.apache.catalina.startup.VersionLoggerListener.log Command line argument: -Dignore.endorsed.dirs=
01-Mar-2023 08:04:32.021 INFO [main] org.apache.catalina.startup.VersionLoggerListener.log Command line argument: -Dcatalina.base=C:\Users\User\eclipse-workspace\projects-13-feb-23\apache-tomcat-9.0.72
01-Mar-2023 08:04:32.021 INFO [main] org.apache.catalina.startup.VersionLoggerListener.log Command line argument: -Dcatalina.home=C:\Users\User\eclipse-workspace\projects-13-feb-23\apache-tomcat-9.0.72
01-Mar-2023 08:04:32.022 INFO [main] org.apache.catalina.startup.VersionLoggerListener.log Command line argument: -Djava.io.tmpdir=C:\Users\User\eclipse-workspace\projects-13-feb-23\apache-tomcat-9.0.72\temp
01-Mar-2023 08:04:32.037 INFO [main] org.apache.catalina.core.AprLifecycleListener.lifecycleEvent The Apache Tomcat Native library which allows using OpenSSL was not found on the java.library.path: [C:\Program Files\Java\jdk-17\bin;C:\Windows\Sun\Java\bin;C:\Windows\system32;C:\Windows;C:\Program Files\Common Files\Oracle\Java\javapath;C:\Program Files (x86)\Common Files\Oracle\Java\javapath;C:\Program Files (x86)\VMware\VMware Player\bin\;C:\Windows\system32;C:\Windows;C:\Windows\System32\Wbem;C:\Windows\System32\WindowsPowerShell\v1.0\;C:\Windows\System32\OpenSSH\;C:\Program Files\Git\cmd;C:\Program Files\dotnet\;C:\Program Files (x86)\dotnet\;C:\Users\User\eclipse-workspace\projects-13-feb-23\apache-maven-3.9.0\bin;C:\Users\User\eclipse-workspace\projects-13-feb-23\apache-tomcat-9.0.72\bin;C:\Users\User\AppData\Local\Microsoft\WindowsApps;C:\Users\User\AppData\Local\GitHubDesktop\bin;C:\Users\User\.dotnet\tools;.]
01-Mar-2023 08:04:32.470 INFO [main] org.apache.coyote.AbstractProtocol.init Initializing ProtocolHandler ["http-nio-8080"]
01-Mar-2023 08:04:32.511 INFO [main] org.apache.catalina.startup.Catalina.load Server initialization in [797] milliseconds
01-Mar-2023 08:04:32.578 INFO [main] org.apache.catalina.core.StandardService.startInternal Starting service [Catalina]
01-Mar-2023 08:04:32.579 INFO [main] org.apache.catalina.core.StandardEngine.startInternal Starting Servlet engine: [Apache Tomcat/9.0.72]
01-Mar-2023 08:04:32.597 INFO [main] org.apache.catalina.startup.HostConfig.deployDirectory Deploying web application directory [C:\Users\User\eclipse-workspace\projects-13-feb-23\apache-tomcat-9.0.72\webapps\docs]
01-Mar-2023 08:04:33.119 INFO [main] org.apache.catalina.startup.HostConfig.deployDirectory Deployment of web application directory [C:\Users\User\eclipse-workspace\projects-13-feb-23\apache-tomcat-9.0.72\webapps\docs] has finished in [521] ms
01-Mar-2023 08:04:33.120 INFO [main] org.apache.catalina.startup.HostConfig.deployDirectory Deploying web application directory [C:\Users\User\eclipse-workspace\projects-13-feb-23\apache-tomcat-9.0.72\webapps\examples]
01-Mar-2023 08:04:34.096 INFO [main] org.apache.catalina.startup.HostConfig.deployDirectory Deployment of web application directory [C:\Users\User\eclipse-workspace\projects-13-feb-23\apache-tomcat-9.0.72\webapps\examples] has finished in [976] ms
01-Mar-2023 08:04:34.097 INFO [main] org.apache.catalina.startup.HostConfig.deployDirectory Deploying web application directory [C:\Users\User\eclipse-workspace\projects-13-feb-23\apache-tomcat-9.0.72\webapps\host-manager]
01-Mar-2023 08:04:34.187 INFO [main] org.apache.catalina.startup.HostConfig.deployDirectory Deployment of web application directory [C:\Users\User\eclipse-workspace\projects-13-feb-23\apache-tomcat-9.0.72\webapps\host-manager] has finished in [90] ms
01-Mar-2023 08:04:34.188 INFO [main] org.apache.catalina.startup.HostConfig.deployDirectory Deploying web application directory [C:\Users\User\eclipse-workspace\projects-13-feb-23\apache-tomcat-9.0.72\webapps\manager]
01-Mar-2023 08:04:34.283 INFO [main] org.apache.catalina.startup.HostConfig.deployDirectory Deployment of web application directory [C:\Users\User\eclipse-workspace\projects-13-feb-23\apache-tomcat-9.0.72\webapps\manager] has finished in [95] ms
01-Mar-2023 08:04:34.285 INFO [main] org.apache.catalina.startup.HostConfig.deployDirectory Deploying web application directory [C:\Users\User\eclipse-workspace\projects-13-feb-23\apache-tomcat-9.0.72\webapps\ROOT]
01-Mar-2023 08:04:34.342 INFO [main] org.apache.catalina.startup.HostConfig.deployDirectory Deployment of web application directory [C:\Users\User\eclipse-workspace\projects-13-feb-23\apache-tomcat-9.0.72\webapps\ROOT] has finished in [58] ms
01-Mar-2023 08:04:34.349 INFO [main] org.apache.coyote.AbstractProtocol.start Starting ProtocolHandler ["http-nio-8080"]
01-Mar-2023 08:04:34.410 INFO [main] org.apache.catalina.startup.Catalina.start Server startup in [1895] milliseconds
01-Mar-2023 08:04:50.375 INFO [main] org.apache.catalina.core.StandardServer.await A valid shutdown command was received via the shutdown port. Stopping the Server instance.
01-Mar-2023 08:04:50.376 INFO [main] org.apache.coyote.AbstractProtocol.pause Pausing ProtocolHandler ["http-nio-8080"]
01-Mar-2023 08:04:50.393 INFO [main] org.apache.catalina.core.StandardService.stopInternal Stopping service [Catalina]
01-Mar-2023 08:04:50.423 INFO [main] org.apache.coyote.AbstractProtocol.stop Stopping ProtocolHandler ["http-nio-8080"]
01-Mar-2023 08:04:50.431 INFO [main] org.apache.coyote.AbstractProtocol.destroy Destroying ProtocolHandler ["http-nio-8080"]
01-Mar-2023 08:06:23.676 INFO [main] org.apache.catalina.startup.VersionLoggerListener.log Server version name:   Apache Tomcat/9.0.72
01-Mar-2023 08:06:23.683 INFO [main] org.apache.catalina.startup.VersionLoggerListener.log Server built:          Feb 18 2023 09:25:13 UTC
01-Mar-2023 08:06:23.683 INFO [main] org.apache.catalina.startup.VersionLoggerListener.log Server version number: 9.0.72.0
01-Mar-2023 08:06:23.684 INFO [main] org.apache.catalina.startup.VersionLoggerListener.log OS Name:               Windows 10
01-Mar-2023 08:06:23.685 INFO [main] org.apache.catalina.startup.VersionLoggerListener.log OS Version:            10.0
01-Mar-2023 08:06:23.685 INFO [main] org.apache.catalina.startup.VersionLoggerListener.log Architecture:          amd64
01-Mar-2023 08:06:23.685 INFO [main] org.apache.catalina.startup.VersionLoggerListener.log Java Home:             C:\Program Files\Java\jdk-17
01-Mar-2023 08:06:23.686 INFO [main] org.apache.catalina.startup.VersionLoggerListener.log JVM Version:           17.0.6+9-LTS-190
01-Mar-2023 08:06:23.687 INFO [main] org.apache.catalina.startup.VersionLoggerListener.log JVM Vendor:            Oracle Corporation
01-Mar-2023 08:06:23.687 INFO [main] org.apache.catalina.startup.VersionLoggerListener.log CATALINA_BASE:         C:\Users\User\eclipse-workspace\projects-13-feb-23\apache-tomcat-9.0.72
01-Mar-2023 08:06:23.688 INFO [main] org.apache.catalina.startup.VersionLoggerListener.log CATALINA_HOME:         C:\Users\User\eclipse-workspace\projects-13-feb-23\apache-tomcat-9.0.72
01-Mar-2023 08:06:23.700 INFO [main] org.apache.catalina.startup.VersionLoggerListener.log Command line argument: --add-opens=java.base/java.lang=ALL-UNNAMED
01-Mar-2023 08:06:23.700 INFO [main] org.apache.catalina.startup.VersionLoggerListener.log Command line argument: --add-opens=java.base/java.io=ALL-UNNAMED
01-Mar-2023 08:06:23.701 INFO [main] org.apache.catalina.startup.VersionLoggerListener.log Command line argument: --add-opens=java.base/java.util=ALL-UNNAMED
01-Mar-2023 08:06:23.701 INFO [main] org.apache.catalina.startup.VersionLoggerListener.log Command line argument: --add-opens=java.base/java.util.concurrent=ALL-UNNAMED
01-Mar-2023 08:06:23.701 INFO [main] org.apache.catalina.startup.VersionLoggerListener.log Command line argument: --add-opens=java.rmi/sun.rmi.transport=ALL-UNNAMED
01-Mar-2023 08:06:23.702 INFO [main] org.apache.catalina.startup.VersionLoggerListener.log Command line argument: -Djava.util.logging.config.file=C:\Users\User\eclipse-workspace\projects-13-feb-23\apache-tomcat-9.0.72\conf\logging.properties
01-Mar-2023 08:06:23.703 INFO [main] org.apache.catalina.startup.VersionLoggerListener.log Command line argument: -Djava.util.logging.manager=org.apache.juli.ClassLoaderLogManager
01-Mar-2023 08:06:23.703 INFO [main] org.apache.catalina.startup.VersionLoggerListener.log Command line argument: -Djdk.tls.ephemeralDHKeySize=2048
01-Mar-2023 08:06:23.704 INFO [main] org.apache.catalina.startup.VersionLoggerListener.log Command line argument: -Djava.protocol.handler.pkgs=org.apache.catalina.webresources
01-Mar-2023 08:06:23.705 INFO [main] org.apache.catalina.startup.VersionLoggerListener.log Command line argument: -Dignore.endorsed.dirs=
01-Mar-2023 08:06:23.709 INFO [main] org.apache.catalina.startup.VersionLoggerListener.log Command line argument: -Dcatalina.base=C:\Users\User\eclipse-workspace\projects-13-feb-23\apache-tomcat-9.0.72
01-Mar-2023 08:06:23.710 INFO [main] org.apache.catalina.startup.VersionLoggerListener.log Command line argument: -Dcatalina.home=C:\Users\User\eclipse-workspace\projects-13-feb-23\apache-tomcat-9.0.72
01-Mar-2023 08:06:23.711 INFO [main] org.apache.catalina.startup.VersionLoggerListener.log Command line argument: -Djava.io.tmpdir=C:\Users\User\eclipse-workspace\projects-13-feb-23\apache-tomcat-9.0.72\temp
01-Mar-2023 08:06:23.729 INFO [main] org.apache.catalina.core.AprLifecycleListener.lifecycleEvent The Apache Tomcat Native library which allows using OpenSSL was not found on the java.library.path: [C:\Program Files\Java\jdk-17\bin;C:\Windows\Sun\Java\bin;C:\Windows\system32;C:\Windows;C:\Program Files\Common Files\Oracle\Java\javapath;C:\Program Files (x86)\Common Files\Oracle\Java\javapath;C:\Program Files (x86)\VMware\VMware Player\bin\;C:\Windows\system32;C:\Windows;C:\Windows\System32\Wbem;C:\Windows\System32\WindowsPowerShell\v1.0\;C:\Windows\System32\OpenSSH\;C:\Program Files\Git\cmd;C:\Program Files\dotnet\;C:\Program Files (x86)\dotnet\;C:\Users\User\eclipse-workspace\projects-13-feb-23\apache-maven-3.9.0\bin;C:\Users\User\eclipse-workspace\projects-13-feb-23\apache-tomcat-9.0.72\bin;C:\Users\User\AppData\Local\Microsoft\WindowsApps;C:\Users\User\AppData\Local\GitHubDesktop\bin;C:\Users\User\.dotnet\tools;.]
01-Mar-2023 08:06:24.197 INFO [main] org.apache.coyote.AbstractProtocol.init Initializing ProtocolHandler ["http-nio-8080"]
01-Mar-2023 08:06:24.241 INFO [main] org.apache.catalina.startup.Catalina.load Server initialization in [828] milliseconds
01-Mar-2023 08:06:24.318 INFO [main] org.apache.catalina.core.StandardService.startInternal Starting service [Catalina]
01-Mar-2023 08:06:24.320 INFO [main] org.apache.catalina.core.StandardEngine.startInternal Starting Servlet engine: [Apache Tomcat/9.0.72]
01-Mar-2023 08:06:24.338 INFO [main] org.apache.catalina.startup.HostConfig.deployDirectory Deploying web application directory [C:\Users\User\eclipse-workspace\projects-13-feb-23\apache-tomcat-9.0.72\webapps\docs]
01-Mar-2023 08:06:24.843 INFO [main] org.apache.catalina.startup.HostConfig.deployDirectory Deployment of web application directory [C:\Users\User\eclipse-workspace\projects-13-feb-23\apache-tomcat-9.0.72\webapps\docs] has finished in [504] ms
01-Mar-2023 08:06:24.844 INFO [main] org.apache.catalina.startup.HostConfig.deployDirectory Deploying web application directory [C:\Users\User\eclipse-workspace\projects-13-feb-23\apache-tomcat-9.0.72\webapps\examples]
01-Mar-2023 08:06:25.856 INFO [main] org.apache.catalina.startup.HostConfig.deployDirectory Deployment of web application directory [C:\Users\User\eclipse-workspace\projects-13-feb-23\apache-tomcat-9.0.72\webapps\examples] has finished in [1,013] ms
01-Mar-2023 08:06:25.857 INFO [main] org.apache.catalina.startup.HostConfig.deployDirectory Deploying web application directory [C:\Users\User\eclipse-workspace\projects-13-feb-23\apache-tomcat-9.0.72\webapps\host-manager]
01-Mar-2023 08:06:25.936 INFO [main] org.apache.catalina.startup.HostConfig.deployDirectory Deployment of web application directory [C:\Users\User\eclipse-workspace\projects-13-feb-23\apache-tomcat-9.0.72\webapps\host-manager] has finished in [79] ms
01-Mar-2023 08:06:25.937 INFO [main] org.apache.catalina.startup.HostConfig.deployDirectory Deploying web application directory [C:\Users\User\eclipse-workspace\projects-13-feb-23\apache-tomcat-9.0.72\webapps\manager]
01-Mar-2023 08:06:26.026 INFO [main] org.apache.catalina.startup.HostConfig.deployDirectory Deployment of web application directory [C:\Users\User\eclipse-workspace\projects-13-feb-23\apache-tomcat-9.0.72\webapps\manager] has finished in [89] ms
01-Mar-2023 08:06:26.028 INFO [main] org.apache.catalina.startup.HostConfig.deployDirectory Deploying web application directory [C:\Users\User\eclipse-workspace\projects-13-feb-23\apache-tomcat-9.0.72\webapps\ROOT]
01-Mar-2023 08:06:26.084 INFO [main] org.apache.catalina.startup.HostConfig.deployDirectory Deployment of web application directory [C:\Users\User\eclipse-workspace\projects-13-feb-23\apache-tomcat-9.0.72\webapps\ROOT] has finished in [57] ms
01-Mar-2023 08:06:26.090 INFO [main] org.apache.coyote.AbstractProtocol.start Starting ProtocolHandler ["http-nio-8080"]
01-Mar-2023 08:06:26.154 INFO [main] org.apache.catalina.startup.Catalina.start Server startup in [1910] milliseconds
01-Mar-2023 08:07:26.174 INFO [Catalina-utility-1] org.apache.catalina.users.MemoryUserDatabase.backgroundProcess Reloading memory user database [UserDatabase] from updated source [file:/C:/Users/User/eclipse-workspace/projects-13-feb-23/apache-tomcat-9.0.72/conf/tomcat-users.xml]
01-Mar-2023 08:10:56.938 INFO [http-nio-8080-exec-10] org.apache.catalina.startup.HostConfig.deployWAR Deploying web application archive [C:\Users\User\eclipse-workspace\projects-13-feb-23\apache-tomcat-9.0.72\webapps\spring-mvc-app1.war]
01-Mar-2023 08:10:59.273 INFO [http-nio-8080-exec-10] org.apache.jasper.servlet.TldScanner.scanJars At least one JAR was scanned for TLDs yet contained no TLDs. Enable debug logging for this logger for a complete list of JARs that were scanned but no TLDs were found in them. Skipping unneeded JARs during scanning can improve startup time and JSP compilation time.
01-Mar-2023 08:11:01.866 INFO [http-nio-8080-exec-10] org.apache.catalina.startup.HostConfig.deployWAR Deployment of web application archive [C:\Users\User\eclipse-workspace\projects-13-feb-23\apache-tomcat-9.0.72\webapps\spring-mvc-app1.war] has finished in [4,927] ms
01-Mar-2023 08:24:10.194 INFO [main] org.apache.catalina.core.StandardServer.await A valid shutdown command was received via the shutdown port. Stopping the Server instance.
01-Mar-2023 08:24:10.195 INFO [main] org.apache.coyote.AbstractProtocol.pause Pausing ProtocolHandler ["http-nio-8080"]
01-Mar-2023 08:24:10.216 INFO [main] org.apache.catalina.core.StandardService.stopInternal Stopping service [Catalina]
01-Mar-2023 08:24:10.280 INFO [main] org.apache.coyote.AbstractProtocol.stop Stopping ProtocolHandler ["http-nio-8080"]
01-Mar-2023 08:24:10.297 INFO [main] org.apache.coyote.AbstractProtocol.destroy Destroying ProtocolHandler ["http-nio-8080"]
01-Mar-2023 08:32:14.543 INFO [main] org.apache.catalina.startup.VersionLoggerListener.log Server version name:   Apache Tomcat/9.0.72
01-Mar-2023 08:32:14.549 INFO [main] org.apache.catalina.startup.VersionLoggerListener.log Server built:          Feb 18 2023 09:25:13 UTC
01-Mar-2023 08:32:14.550 INFO [main] org.apache.catalina.startup.VersionLoggerListener.log Server version number: 9.0.72.0
01-Mar-2023 08:32:14.550 INFO [main] org.apache.catalina.startup.VersionLoggerListener.log OS Name:               Windows 10
01-Mar-2023 08:32:14.551 INFO [main] org.apache.catalina.startup.VersionLoggerListener.log OS Version:            10.0
01-Mar-2023 08:32:14.551 INFO [main] org.apache.catalina.startup.VersionLoggerListener.log Architecture:          amd64
01-Mar-2023 08:32:14.551 INFO [main] org.apache.catalina.startup.VersionLoggerListener.log Java Home:             C:\Program Files\Java\jdk-17
01-Mar-2023 08:32:14.552 INFO [main] org.apache.catalina.startup.VersionLoggerListener.log JVM Version:           17.0.6+9-LTS-190
01-Mar-2023 08:32:14.552 INFO [main] org.apache.catalina.startup.VersionLoggerListener.log JVM Vendor:            Oracle Corporation
01-Mar-2023 08:32:14.552 INFO [main] org.apache.catalina.startup.VersionLoggerListener.log CATALINA_BASE:         C:\Users\User\eclipse-workspace\projects-13-feb-23\apache-tomcat-9.0.72
01-Mar-2023 08:32:14.553 INFO [main] org.apache.catalina.startup.VersionLoggerListener.log CATALINA_HOME:         C:\Users\User\eclipse-workspace\projects-13-feb-23\apache-tomcat-9.0.72
01-Mar-2023 08:32:14.568 INFO [main] org.apache.catalina.startup.VersionLoggerListener.log Command line argument: --add-opens=java.base/java.lang=ALL-UNNAMED
01-Mar-2023 08:32:14.568 INFO [main] org.apache.catalina.startup.VersionLoggerListener.log Command line argument: --add-opens=java.base/java.io=ALL-UNNAMED
01-Mar-2023 08:32:14.569 INFO [main] org.apache.catalina.startup.VersionLoggerListener.log Command line argument: --add-opens=java.base/java.util=ALL-UNNAMED
01-Mar-2023 08:32:14.569 INFO [main] org.apache.catalina.startup.VersionLoggerListener.log Command line argument: --add-opens=java.base/java.util.concurrent=ALL-UNNAMED
01-Mar-2023 08:32:14.569 INFO [main] org.apache.catalina.startup.VersionLoggerListener.log Command line argument: --add-opens=java.rmi/sun.rmi.transport=ALL-UNNAMED
01-Mar-2023 08:32:14.570 INFO [main] org.apache.catalina.startup.VersionLoggerListener.log Command line argument: -Djava.util.logging.config.file=C:\Users\User\eclipse-workspace\projects-13-feb-23\apache-tomcat-9.0.72\conf\logging.properties
01-Mar-2023 08:32:14.571 INFO [main] org.apache.catalina.startup.VersionLoggerListener.log Command line argument: -Djava.util.logging.manager=org.apache.juli.ClassLoaderLogManager
01-Mar-2023 08:32:14.572 INFO [main] org.apache.catalina.startup.VersionLoggerListener.log Command line argument: -Djdk.tls.ephemeralDHKeySize=2048
01-Mar-2023 08:32:14.573 INFO [main] org.apache.catalina.startup.VersionLoggerListener.log Command line argument: -Djava.protocol.handler.pkgs=org.apache.catalina.webresources
01-Mar-2023 08:32:14.574 INFO [main] org.apache.catalina.startup.VersionLoggerListener.log Command line argument: -Dignore.endorsed.dirs=
01-Mar-2023 08:32:14.574 INFO [main] org.apache.catalina.startup.VersionLoggerListener.log Command line argument: -Dcatalina.base=C:\Users\User\eclipse-workspace\projects-13-feb-23\apache-tomcat-9.0.72
01-Mar-2023 08:32:14.575 INFO [main] org.apache.catalina.startup.VersionLoggerListener.log Command line argument: -Dcatalina.home=C:\Users\User\eclipse-workspace\projects-13-feb-23\apache-tomcat-9.0.72
01-Mar-2023 08:32:14.576 INFO [main] org.apache.catalina.startup.VersionLoggerListener.log Command line argument: -Djava.io.tmpdir=C:\Users\User\eclipse-workspace\projects-13-feb-23\apache-tomcat-9.0.72\temp
01-Mar-2023 08:32:14.593 INFO [main] org.apache.catalina.core.AprLifecycleListener.lifecycleEvent The Apache Tomcat Native library which allows using OpenSSL was not found on the java.library.path: [C:\Program Files\Java\jdk-17\bin;C:\Windows\Sun\Java\bin;C:\Windows\system32;C:\Windows;C:\Program Files\Common Files\Oracle\Java\javapath;C:\Program Files (x86)\Common Files\Oracle\Java\javapath;C:\Program Files (x86)\VMware\VMware Player\bin\;C:\Windows\system32;C:\Windows;C:\Windows\System32\Wbem;C:\Windows\System32\WindowsPowerShell\v1.0\;C:\Windows\System32\OpenSSH\;C:\Program Files\Git\cmd;C:\Program Files\dotnet\;C:\Program Files (x86)\dotnet\;C:\Users\User\eclipse-workspace\projects-13-feb-23\apache-maven-3.9.0\bin;C:\Users\User\eclipse-workspace\projects-13-feb-23\apache-tomcat-9.0.72\bin;C:\Users\User\AppData\Local\Microsoft\WindowsApps;C:\Users\User\AppData\Local\GitHubDesktop\bin;C:\Users\User\.dotnet\tools;.]
01-Mar-2023 08:32:15.049 INFO [main] org.apache.coyote.AbstractProtocol.init Initializing ProtocolHandler ["http-nio-8080"]
01-Mar-2023 08:32:15.090 INFO [main] org.apache.catalina.startup.Catalina.load Server initialization in [851] milliseconds
01-Mar-2023 08:32:15.158 INFO [main] org.apache.catalina.core.StandardService.startInternal Starting service [Catalina]
01-Mar-2023 08:32:15.158 INFO [main] org.apache.catalina.core.StandardEngine.startInternal Starting Servlet engine: [Apache Tomcat/9.0.72]
01-Mar-2023 08:32:15.190 INFO [main] org.apache.catalina.startup.HostConfig.deployWAR Deploying web application archive [C:\Users\User\eclipse-workspace\projects-13-feb-23\apache-tomcat-9.0.72\webapps\spring-mvc-app1.war]
01-Mar-2023 08:32:17.939 INFO [main] org.apache.jasper.servlet.TldScanner.scanJars At least one JAR was scanned for TLDs yet contained no TLDs. Enable debug logging for this logger for a complete list of JARs that were scanned but no TLDs were found in them. Skipping unneeded JARs during scanning can improve startup time and JSP compilation time.
01-Mar-2023 08:32:20.441 INFO [main] org.apache.catalina.startup.HostConfig.deployWAR Deployment of web application archive [C:\Users\User\eclipse-workspace\projects-13-feb-23\apache-tomcat-9.0.72\webapps\spring-mvc-app1.war] has finished in [5,251] ms
01-Mar-2023 08:32:20.443 INFO [main] org.apache.catalina.startup.HostConfig.deployDirectory Deploying web application directory [C:\Users\User\eclipse-workspace\projects-13-feb-23\apache-tomcat-9.0.72\webapps\docs]
01-Mar-2023 08:32:20.533 INFO [main] org.apache.catalina.startup.HostConfig.deployDirectory Deployment of web application directory [C:\Users\User\eclipse-workspace\projects-13-feb-23\apache-tomcat-9.0.72\webapps\docs] has finished in [89] ms
01-Mar-2023 08:32:20.534 INFO [main] org.apache.catalina.startup.HostConfig.deployDirectory Deploying web application directory [C:\Users\User\eclipse-workspace\projects-13-feb-23\apache-tomcat-9.0.72\webapps\examples]
01-Mar-2023 08:32:21.588 INFO [main] org.apache.catalina.startup.HostConfig.deployDirectory Deployment of web application directory [C:\Users\User\eclipse-workspace\projects-13-feb-23\apache-tomcat-9.0.72\webapps\examples] has finished in [1,054] ms
01-Mar-2023 08:32:21.589 INFO [main] org.apache.catalina.startup.HostConfig.deployDirectory Deploying web application directory [C:\Users\User\eclipse-workspace\projects-13-feb-23\apache-tomcat-9.0.72\webapps\host-manager]
01-Mar-2023 08:32:21.686 INFO [main] org.apache.catalina.startup.HostConfig.deployDirectory Deployment of web application directory [C:\Users\User\eclipse-workspace\projects-13-feb-23\apache-tomcat-9.0.72\webapps\host-manager] has finished in [97] ms
01-Mar-2023 08:32:21.687 INFO [main] org.apache.catalina.startup.HostConfig.deployDirectory Deploying web application directory [C:\Users\User\eclipse-workspace\projects-13-feb-23\apache-tomcat-9.0.72\webapps\manager]
01-Mar-2023 08:32:21.819 INFO [main] org.apache.catalina.startup.HostConfig.deployDirectory Deployment of web application directory [C:\Users\User\eclipse-workspace\projects-13-feb-23\apache-tomcat-9.0.72\webapps\manager] has finished in [129] ms
01-Mar-2023 08:32:21.821 INFO [main] org.apache.catalina.startup.HostConfig.deployDirectory Deploying web application directory [C:\Users\User\eclipse-workspace\projects-13-feb-23\apache-tomcat-9.0.72\webapps\ROOT]
01-Mar-2023 08:32:21.881 INFO [main] org.apache.catalina.startup.HostConfig.deployDirectory Deployment of web application directory [C:\Users\User\eclipse-workspace\projects-13-feb-23\apache-tomcat-9.0.72\webapps\ROOT] has finished in [60] ms
01-Mar-2023 08:32:21.889 INFO [main] org.apache.coyote.AbstractProtocol.start Starting ProtocolHandler ["http-nio-8080"]
01-Mar-2023 08:32:21.963 INFO [main] org.apache.catalina.startup.Catalina.start Server startup in [6870] milliseconds
01-Mar-2023 08:33:25.734 INFO [http-nio-8080-exec-6] org.apache.catalina.startup.HostConfig.undeploy Undeploying context [/spring-mvc-app1]
01-Mar-2023 08:33:48.138 INFO [http-nio-8080-exec-4] org.apache.catalina.startup.HostConfig.deployWAR Deploying web application archive [C:\Users\User\eclipse-workspace\projects-13-feb-23\apache-tomcat-9.0.72\webapps\spring-mvc-app1.war]
01-Mar-2023 08:33:50.658 INFO [http-nio-8080-exec-4] org.apache.jasper.servlet.TldScanner.scanJars At least one JAR was scanned for TLDs yet contained no TLDs. Enable debug logging for this logger for a complete list of JARs that were scanned but no TLDs were found in them. Skipping unneeded JARs during scanning can improve startup time and JSP compilation time.
01-Mar-2023 08:33:53.191 INFO [http-nio-8080-exec-4] org.hibernate.validator.internal.util.Version.<clinit> HV000001: Hibernate Validator 6.1.6.Final
01-Mar-2023 08:33:54.272 INFO [http-nio-8080-exec-4] org.apache.catalina.startup.HostConfig.deployWAR Deployment of web application archive [C:\Users\User\eclipse-workspace\projects-13-feb-23\apache-tomcat-9.0.72\webapps\spring-mvc-app1.war] has finished in [6,134] ms
01-Mar-2023 08:46:42.598 WARNING [http-nio-8080-exec-12] org.apache.catalina.loader.WebappClassLoaderBase.clearReferencesJdbc The web application [spring-mvc-app1] registered the JDBC driver [org.postgresql.Driver] but failed to unregister it when the web application was stopped. To prevent a memory leak, the JDBC Driver has been forcibly unregistered.
01-Mar-2023 08:46:43.144 INFO [http-nio-8080-exec-12] org.apache.catalina.startup.HostConfig.undeploy Undeploying context [/spring-mvc-app1]
01-Mar-2023 08:46:57.914 INFO [http-nio-8080-exec-20] org.apache.catalina.startup.HostConfig.deployWAR Deploying web application archive [C:\Users\User\eclipse-workspace\projects-13-feb-23\apache-tomcat-9.0.72\webapps\spring-mvc-app1.war]
01-Mar-2023 08:47:00.014 INFO [http-nio-8080-exec-20] org.apache.jasper.servlet.TldScanner.scanJars At least one JAR was scanned for TLDs yet contained no TLDs. Enable debug logging for this logger for a complete list of JARs that were scanned but no TLDs were found in them. Skipping unneeded JARs during scanning can improve startup time and JSP compilation time.
01-Mar-2023 08:47:02.200 INFO [http-nio-8080-exec-20] org.hibernate.validator.internal.util.Version.<clinit> HV000001: Hibernate Validator 6.1.6.Final
01-Mar-2023 08:47:03.294 INFO [http-nio-8080-exec-20] org.apache.catalina.startup.HostConfig.deployWAR Deployment of web application archive [C:\Users\User\eclipse-workspace\projects-13-feb-23\apache-tomcat-9.0.72\webapps\spring-mvc-app1.war] has finished in [5,381] ms
01-Mar-2023 08:48:39.587 INFO [main] org.apache.catalina.core.StandardServer.await A valid shutdown command was received via the shutdown port. Stopping the Server instance.
01-Mar-2023 08:48:39.588 INFO [main] org.apache.coyote.AbstractProtocol.pause Pausing ProtocolHandler ["http-nio-8080"]
01-Mar-2023 08:48:39.601 INFO [main] org.apache.catalina.core.StandardService.stopInternal Stopping service [Catalina]
01-Mar-2023 08:48:39.609 WARNING [main] org.apache.catalina.loader.WebappClassLoaderBase.clearReferencesJdbc The web application [spring-mvc-app1] registered the JDBC driver [org.postgresql.Driver] but failed to unregister it when the web application was stopped. To prevent a memory leak, the JDBC Driver has been forcibly unregistered.
01-Mar-2023 08:48:39.625 INFO [main] org.apache.coyote.AbstractProtocol.stop Stopping ProtocolHandler ["http-nio-8080"]
01-Mar-2023 08:48:39.635 INFO [main] org.apache.coyote.AbstractProtocol.destroy Destroying ProtocolHandler ["http-nio-8080"]
