01-Mar-2023 07:56:49.202 INFO [main] org.apache.catalina.core.ApplicationContext.log ContextListener: contextInitialized()
01-Mar-2023 07:56:49.202 INFO [main] org.apache.catalina.core.ApplicationContext.log SessionListener: contextInitialized()
01-Mar-2023 07:56:49.207 INFO [main] org.apache.catalina.core.ApplicationContext.log ContextListener: attributeAdded('StockTicker', 'async.Stockticker@107ed6fc')
01-Mar-2023 08:02:10.924 INFO [main] org.apache.catalina.core.ApplicationContext.log SessionListener: contextDestroyed()
01-Mar-2023 08:02:10.924 INFO [main] org.apache.catalina.core.ApplicationContext.log ContextListener: contextDestroyed()
01-Mar-2023 08:02:18.714 INFO [main] org.apache.catalina.core.ApplicationContext.log ContextListener: contextInitialized()
01-Mar-2023 08:02:18.715 INFO [main] org.apache.catalina.core.ApplicationContext.log SessionListener: contextInitialized()
01-Mar-2023 08:02:18.720 INFO [main] org.apache.catalina.core.ApplicationContext.log ContextListener: attributeAdded('StockTicker', 'async.Stockticker@34a75079')
01-Mar-2023 08:04:22.240 INFO [main] org.apache.catalina.core.ApplicationContext.log SessionListener: contextDestroyed()
01-Mar-2023 08:04:22.240 INFO [main] org.apache.catalina.core.ApplicationContext.log ContextListener: contextDestroyed()
01-Mar-2023 08:04:34.068 INFO [main] org.apache.catalina.core.ApplicationContext.log ContextListener: contextInitialized()
01-Mar-2023 08:04:34.068 INFO [main] org.apache.catalina.core.ApplicationContext.log SessionListener: contextInitialized()
01-Mar-2023 08:04:34.073 INFO [main] org.apache.catalina.core.ApplicationContext.log ContextListener: attributeAdded('StockTicker', 'async.Stockticker@6d0b5baf')
01-Mar-2023 08:04:50.410 INFO [main] org.apache.catalina.core.ApplicationContext.log SessionListener: contextDestroyed()
01-Mar-2023 08:04:50.411 INFO [main] org.apache.catalina.core.ApplicationContext.log ContextListener: contextDestroyed()
01-Mar-2023 08:06:25.833 INFO [main] org.apache.catalina.core.ApplicationContext.log ContextListener: contextInitialized()
01-Mar-2023 08:06:25.833 INFO [main] org.apache.catalina.core.ApplicationContext.log SessionListener: contextInitialized()
01-Mar-2023 08:06:25.837 INFO [main] org.apache.catalina.core.ApplicationContext.log ContextListener: attributeAdded('StockTicker', 'async.Stockticker@1643d68f')
01-Mar-2023 08:10:59.391 INFO [http-nio-8080-exec-10] org.apache.catalina.core.ApplicationContext.log 1 Spring WebApplicationInitializers detected on classpath
01-Mar-2023 08:10:59.593 INFO [http-nio-8080-exec-10] org.apache.catalina.core.ApplicationContext.log Initializing Spring DispatcherServlet 'dispatcher'
01-Mar-2023 08:24:10.235 INFO [main] org.apache.catalina.core.ApplicationContext.log Destroying Spring FrameworkServlet 'dispatcher'
01-Mar-2023 08:24:10.245 INFO [main] org.apache.catalina.core.ApplicationContext.log SessionListener: contextDestroyed()
01-Mar-2023 08:24:10.245 INFO [main] org.apache.catalina.core.ApplicationContext.log ContextListener: contextDestroyed()
01-Mar-2023 08:32:18.097 INFO [main] org.apache.catalina.core.ApplicationContext.log 1 Spring WebApplicationInitializers detected on classpath
01-Mar-2023 08:32:18.341 INFO [main] org.apache.catalina.core.ApplicationContext.log Initializing Spring DispatcherServlet 'dispatcher'
01-Mar-2023 08:32:21.525 INFO [main] org.apache.catalina.core.ApplicationContext.log ContextListener: contextInitialized()
01-Mar-2023 08:32:21.525 INFO [main] org.apache.catalina.core.ApplicationContext.log SessionListener: contextInitialized()
01-Mar-2023 08:32:21.529 INFO [main] org.apache.catalina.core.ApplicationContext.log ContextListener: attributeAdded('StockTicker', 'async.Stockticker@c83ed77')
01-Mar-2023 08:33:25.178 INFO [http-nio-8080-exec-6] org.apache.catalina.core.ApplicationContext.log Destroying Spring FrameworkServlet 'dispatcher'
01-Mar-2023 08:33:50.765 INFO [http-nio-8080-exec-4] org.apache.catalina.core.ApplicationContext.log 1 Spring WebApplicationInitializers detected on classpath
01-Mar-2023 08:33:50.931 INFO [http-nio-8080-exec-4] org.apache.catalina.core.ApplicationContext.log Initializing Spring DispatcherServlet 'dispatcher'
01-Mar-2023 08:46:42.591 INFO [http-nio-8080-exec-12] org.apache.catalina.core.ApplicationContext.log Destroying Spring FrameworkServlet 'dispatcher'
01-Mar-2023 08:47:00.117 INFO [http-nio-8080-exec-20] org.apache.catalina.core.ApplicationContext.log 1 Spring WebApplicationInitializers detected on classpath
01-Mar-2023 08:47:00.241 INFO [http-nio-8080-exec-20] org.apache.catalina.core.ApplicationContext.log Initializing Spring DispatcherServlet 'dispatcher'
01-Mar-2023 08:48:39.606 INFO [main] org.apache.catalina.core.ApplicationContext.log Destroying Spring FrameworkServlet 'dispatcher'
01-Mar-2023 08:48:39.611 INFO [main] org.apache.catalina.core.ApplicationContext.log SessionListener: contextDestroyed()
01-Mar-2023 08:48:39.611 INFO [main] org.apache.catalina.core.ApplicationContext.log ContextListener: contextDestroyed()
